Change Component Designator: Old Designator= New Designator=?
Change Component Designator: Old Designator= New Designator=?
Change Component Designator: Old Designator=C9 New Designator=C?
Change Component Designator: Old Designator=C10 New Designator=C?
Change Component Designator: Old Designator=C10 New Designator=C?
Change Component Designator: Old Designator=C11 New Designator=C?
Change Component Designator: Old Designator=C12 New Designator=C?
Change Component Designator: Old Designator=C13 New Designator=C?
Change Component Designator: Old Designator=IC* New Designator=IC*?
Change Component Designator: Old Designator=IC* New Designator=IC*?
Change Component Designator: Old Designator=P1 New Designator=P?
Change Component Designator: Old Designator=PIN1 New Designator=PIN?
Change Component Designator: Old Designator=PIN2 New Designator=PIN?
Change Component Designator: Old Designator=R6 New Designator=R?
Change Component Designator: Old Designator=R7 New Designator=R?
Change Component Designator: Old Designator=R8 New Designator=R?
Change Component Designator: Old Designator=R9 New Designator=R?
Change Component Designator: Old Designator=R10 New Designator=R?
Change Component Designator: Old Designator=R11 New Designator=R?
Change Component Designator: Old Designator=R12 New Designator=R?
Change Component Designator: Old Designator=R13 New Designator=R?
