Change Component Designator: Old Designator=? New Designator=1
Change Component Designator: Old Designator=? New Designator=1
Change Component Designator: Old Designator=C? New Designator=C1
Change Component Designator: Old Designator=C? New Designator=C2
Change Component Designator: Old Designator=C? New Designator=C3
Change Component Designator: Old Designator=C? New Designator=C4
Change Component Designator: Old Designator=C? New Designator=C5
Change Component Designator: Old Designator=C? New Designator=C6
Change Component Designator: Old Designator=IC*? New Designator=IC*1
Change Component Designator: Old Designator=IC? New Designator=IC1
Change Component Designator: Old Designator=P? New Designator=P1
Change Component Designator: Old Designator=PIN? New Designator=PIN1
Change Component Designator: Old Designator=PIN? New Designator=PIN2
Change Component Designator: Old Designator=R? New Designator=R1
Change Component Designator: Old Designator=R? New Designator=R2
Change Component Designator: Old Designator=R? New Designator=R3
Change Component Designator: Old Designator=R? New Designator=R4
Change Component Designator: Old Designator=R? New Designator=R5
Change Component Designator: Old Designator=R? New Designator=R6
Change Component Designator: Old Designator=R? New Designator=R7
Change Component Designator: Old Designator=R? New Designator=R8
