Added Component: Designator=*(OPA4192)
Added Component: Designator=C1(C Tantal A)
Added Component: Designator=C2(WCAP-CSGP_1812, 4.5x3.2x1.25)
Added Component: Designator=C3(C0805)
Added Component: Designator=C4(C0805)
Added Component: Designator=C5(C0805)
Added Component: Designator=C6(C0805)
Added Component: Designator=C7(C0805)
Added Component: Designator=C8(C0805)
Added Component: Designator=C9(C0805)
Added Component: Designator=C9(C0603)
Added Component: Designator=C10(C0805)
Added Component: Designator=C10(C0603)
Added Component: Designator=C11(C0805)
Added Component: Designator=C12(C0805)
Added Component: Designator=C13(C0805)
Added Component: Designator=C14(C0805)
Added Component: Designator=C15(C0805)
Added Component: Designator=C16(C0805)
Added Component: Designator=C17(C Tantal A)
Added Component: Designator=C?(C0603)
Added Component: Designator=CON1(CON_2pin_5mm)
Added Component: Designator=CON2(JTAG micromatch)
Added Component: Designator=CON3(DSUB conector)
Added Component: Designator=CON(PUSA)
Added Component: Designator=IC1(TSOP65P810X120-38N)
Added Component: Designator=IC2(D14_N)
Added Component: Designator=IC2(TMR 0510)
Added Component: Designator=IC4(TMA 0515D)
Added Component: Designator=IC8(S8_N)
Added Component: Designator=IC9(S8_N)
Added Component: Designator=IC10(S8_N)
Added Component: Designator=IC*(TLV5618ACD)
Added Component: Designator=LED1(LED_0603_Yellow)
Added Component: Designator=LED2(LED_0603_Bright Green)
Added Component: Designator=LED3(LED_0603_Red)
Added Component: Designator=P1(POT-H-2.5)
Added Component: Designator=R1(R0805)
Added Component: Designator=R2(R0805)
Added Component: Designator=R3(R0805)
Added Component: Designator=R4(R0805)
Added Component: Designator=R4(R0805)
Added Component: Designator=R5(R0805)
Added Component: Designator=R6(R0603)
Added Component: Designator=R7(R0603)
Added Component: Designator=R8(R0603)
Added Component: Designator=R9(R0603)
Added Component: Designator=R10(R0603)
Added Component: Designator=R11(R0603)
Added Component: Designator=R12(R0603)
Added Component: Designator=R13(R0603)
Added Component: Designator=R?(R0603)
Added Component: Designator=R?(R0603)
Added Component: Designator=R?(R0603)
Added Pin To Net: NetName=+15 Pin=C3-1
Added Pin To Net: NetName=+15 Pin=C9-1
Added Pin To Net: NetName=+15 Pin=C11-1
Added Pin To Net: NetName=+15 Pin=C13-1
Added Pin To Net: NetName=+15 Pin=C15-1
Added Pin To Net: NetName=+15 Pin=IC4-6
Added Pin To Net: NetName=+15 Pin=IC8-7
Added Pin To Net: NetName=+15 Pin=IC9-7
Added Pin To Net: NetName=+15 Pin=IC10-7
Added Net: Name=+15
Added Pin To Net: NetName=-15 Pin=C4-1
Added Pin To Net: NetName=-15 Pin=C10-1
Added Pin To Net: NetName=-15 Pin=C12-1
Added Pin To Net: NetName=-15 Pin=C14-1
Added Pin To Net: NetName=-15 Pin=C16-1
Added Pin To Net: NetName=-15 Pin=IC4-4
Added Pin To Net: NetName=-15 Pin=IC8-4
Added Pin To Net: NetName=-15 Pin=IC9-4
Added Pin To Net: NetName=-15 Pin=IC10-4
Added Net: Name=-15
Added Pin To Net: NetName=3.3 Pin=C7-1
Added Pin To Net: NetName=3.3 Pin=IC2-6
Added Net: Name=3.3
Added Pin To Net: NetName=3.3V Pin=CON2-3
Added Pin To Net: NetName=3.3V Pin=IC2-13
Added Pin To Net: NetName=3.3V Pin=IC2-14
Added Pin To Net: NetName=3.3V Pin=R4-2
Added Pin To Net: NetName=3.3V Pin=R5-2
Added Net: Name=3.3V
Added Pin To Net: NetName=5V Pin=C1-1
Added Pin To Net: NetName=5V Pin=C2-1
Added Pin To Net: NetName=5V Pin=C8-1
Added Pin To Net: NetName=5V Pin=C17-1
Added Pin To Net: NetName=5V Pin=CON1-1
Added Pin To Net: NetName=5V Pin=CON3-9
Added Pin To Net: NetName=5V Pin=IC2-2
Added Pin To Net: NetName=5V Pin=IC4-1
Added Pin To Net: NetName=5V Pin=IC*-5
Added Pin To Net: NetName=5V Pin=R1-1
Added Pin To Net: NetName=5V Pin=R2-1
Added Pin To Net: NetName=5V Pin=R3-1
Added Net: Name=5V
Added Pin To Net: NetName=CLK+ Pin=CON3-7
Added Pin To Net: NetName=CLK+ Pin=IC2-9
Added Pin To Net: NetName=CLK+ Pin=R?-1
Added Net: Name=CLK+
Added Pin To Net: NetName=CLK- Pin=C?-2
Added Pin To Net: NetName=CLK- Pin=CON3-6
Added Pin To Net: NetName=CLK- Pin=IC2-10
Added Net: Name=CLK-
Added Pin To Net: NetName=DAT+ Pin=CON3-3
Added Pin To Net: NetName=DAT+ Pin=R?-1
Added Net: Name=DAT+
Added Pin To Net: NetName=DAT- Pin=CON3-4
Added Pin To Net: NetName=DAT- Pin=R?-1
Added Net: Name=DAT-
Added Pin To Net: NetName=DE Pin=IC1-37
Added Pin To Net: NetName=DE Pin=IC2-4
Added Net: Name=DE
Added Pin To Net: NetName=GND Pin=C1-2
Added Pin To Net: NetName=GND Pin=C2-2
Added Pin To Net: NetName=GND Pin=C3-2
Added Pin To Net: NetName=GND Pin=C4-2
Added Pin To Net: NetName=GND Pin=C5-2
Added Pin To Net: NetName=GND Pin=C6-2
Added Pin To Net: NetName=GND Pin=C7-2
Added Pin To Net: NetName=GND Pin=C8-2
Added Pin To Net: NetName=GND Pin=C9-2
Added Pin To Net: NetName=GND Pin=C9-2
Added Pin To Net: NetName=GND Pin=C10-2
Added Pin To Net: NetName=GND Pin=C10-2
Added Pin To Net: NetName=GND Pin=C11-2
Added Pin To Net: NetName=GND Pin=C12-2
Added Pin To Net: NetName=GND Pin=C13-2
Added Pin To Net: NetName=GND Pin=C14-2
Added Pin To Net: NetName=GND Pin=C15-2
Added Pin To Net: NetName=GND Pin=C16-2
Added Pin To Net: NetName=GND Pin=C17-2
Added Pin To Net: NetName=GND Pin=CON1-2
Added Pin To Net: NetName=GND Pin=CON2-9
Added Pin To Net: NetName=GND Pin=CON2-12
Added Pin To Net: NetName=GND Pin=CON3-1
Added Pin To Net: NetName=GND Pin=IC2-1
Added Pin To Net: NetName=GND Pin=IC2-6
Added Pin To Net: NetName=GND Pin=IC2-7
Added Pin To Net: NetName=GND Pin=IC2-7
Added Pin To Net: NetName=GND Pin=IC4-2
Added Pin To Net: NetName=GND Pin=IC4-5
Added Pin To Net: NetName=GND Pin=IC*-8
Added Pin To Net: NetName=GND Pin=LED1-2
Added Pin To Net: NetName=GND Pin=P1-2
Added Pin To Net: NetName=GND Pin=P1-3
Added Pin To Net: NetName=GND Pin=R4-1
Added Pin To Net: NetName=GND Pin=R7-2
Added Pin To Net: NetName=GND Pin=R11-2
Added Pin To Net: NetName=GND Pin=R12-2
Added Net: Name=GND
Added Pin To Net: NetName=HITROST-10V10V Pin=IC10-6
Added Pin To Net: NetName=HITROST-10V10V Pin=R8-1
Added Net: Name=HITROST-10V10V
Added Pin To Net: NetName=HITROST Pin=IC*-4
Added Pin To Net: NetName=HITROST Pin=R10-2
Added Net: Name=HITROST
Added Pin To Net: NetName=KOT10X 010V Pin=IC8-6
Added Pin To Net: NetName=KOT10X 010V Pin=R6-1
Added Net: Name=KOT10X 010V
Added Pin To Net: NetName=KOT10X Pin=IC8-3
Added Pin To Net: NetName=KOT10X Pin=IC*-6
Added Net: Name=KOT10X
Added Pin To Net: NetName=LDAC Pin=IC1-10
Added Net: Name=LDAC
Added Pin To Net: NetName=LED_HIT Pin=IC1-5
Added Net: Name=LED_HIT
Added Pin To Net: NetName=LED_POZ Pin=IC1-6
Added Net: Name=LED_POZ
Added Pin To Net: NetName=NetC10_1 Pin=C10-1
Added Pin To Net: NetName=NetC10_1 Pin=IC9-3
Added Pin To Net: NetName=NetC10_1 Pin=P1-1
Added Pin To Net: NetName=NetC10_1 Pin=R12-1
Added Pin To Net: NetName=NetC10_1 Pin=R13-2
Added Net: Name=NetC10_1
Added Pin To Net: NetName=NetC?_1 Pin=C?-1
Added Pin To Net: NetName=NetC?_1 Pin=R?-2
Added Net: Name=NetC?_1
Added Pin To Net: NetName=NetCON2_1 Pin=CON2-1
Added Pin To Net: NetName=NetCON2_1 Pin=IC1-29
Added Net: Name=NetCON2_1
Added Pin To Net: NetName=NetCON2_2 Pin=CON2-2
Added Pin To Net: NetName=NetCON2_2 Pin=IC1-28
Added Net: Name=NetCON2_2
Added Pin To Net: NetName=NetCON2_4 Pin=CON2-4
Added Pin To Net: NetName=NetCON2_4 Pin=IC1-30
Added Net: Name=NetCON2_4
Added Pin To Net: NetName=NetCON2_5 Pin=CON2-5
Added Pin To Net: NetName=NetCON2_5 Pin=CON2-6
Added Pin To Net: NetName=NetCON2_5 Pin=CON2-6
Added Pin To Net: NetName=NetCON2_5 Pin=IC1-31
Added Net: Name=NetCON2_5
Added Pin To Net: NetName=NetCON2_7 Pin=CON2-7
Added Pin To Net: NetName=NetCON2_7 Pin=CON2-7
Added Pin To Net: NetName=NetCON2_7 Pin=R5-1
Added Net: Name=NetCON2_7
Added Pin To Net: NetName=NetCON2_14 Pin=CON2-14
Added Pin To Net: NetName=NetCON2_14 Pin=R4-1
Added Net: Name=NetCON2_14
Added Pin To Net: NetName=NetIC2_11 Pin=IC2-11
Added Pin To Net: NetName=NetIC2_11 Pin=R?-2
Added Net: Name=NetIC2_11
Added Pin To Net: NetName=NetIC2_12 Pin=IC2-12
Added Pin To Net: NetName=NetIC2_12 Pin=R?-2
Added Net: Name=NetIC2_12
Added Pin To Net: NetName=NetIC8_2 Pin=IC8-2
Added Pin To Net: NetName=NetIC8_2 Pin=R6-2
Added Pin To Net: NetName=NetIC8_2 Pin=R7-1
Added Net: Name=NetIC8_2
Added Pin To Net: NetName=NetIC9_2 Pin=IC9-2
Added Pin To Net: NetName=NetIC9_2 Pin=IC9-6
Added Pin To Net: NetName=NetIC9_2 Pin=R9-2
Added Net: Name=NetIC9_2
Added Pin To Net: NetName=NetIC10_2 Pin=IC10-2
Added Pin To Net: NetName=NetIC10_2 Pin=R8-2
Added Pin To Net: NetName=NetIC10_2 Pin=R9-1
Added Net: Name=NetIC10_2
Added Pin To Net: NetName=NetIC10_3 Pin=IC10-3
Added Pin To Net: NetName=NetIC10_3 Pin=R10-1
Added Pin To Net: NetName=NetIC10_3 Pin=R11-1
Added Net: Name=NetIC10_3
Added Pin To Net: NetName=NetLED1_1 Pin=LED1-1
Added Pin To Net: NetName=NetLED1_1 Pin=R1-2
Added Net: Name=NetLED1_1
Added Pin To Net: NetName=NetLED2_1 Pin=LED2-1
Added Pin To Net: NetName=NetLED2_1 Pin=R2-2
Added Net: Name=NetLED2_1
Added Pin To Net: NetName=NetLED2_2 Pin=LED2-2
Added Net: Name=NetLED2_2
Added Pin To Net: NetName=NetLED3_1 Pin=LED3-1
Added Pin To Net: NetName=NetLED3_1 Pin=R3-2
Added Net: Name=NetLED3_1
Added Pin To Net: NetName=NetLED3_2 Pin=LED3-2
Added Net: Name=NetLED3_2
Added Pin To Net: NetName=RE Pin=IC1-36
Added Pin To Net: NetName=RE Pin=IC2-3
Added Net: Name=RE
Added Pin To Net: NetName=SPICLK Pin=IC1-32
Added Pin To Net: NetName=SPICLK Pin=IC2-5
Added Pin To Net: NetName=SPICLK Pin=IC*-2
Added Net: Name=SPICLK
Added Pin To Net: NetName=SPIMISO Pin=IC1-34
Added Pin To Net: NetName=SPIMISO Pin=IC2-2
Added Net: Name=SPIMISO
Added Pin To Net: NetName=SPIMOSI Pin=IC1-35
Added Pin To Net: NetName=SPIMOSI Pin=IC*-1
Added Net: Name=SPIMOSI
Added Pin To Net: NetName=T\R\S\T\ Pin=IC1-16
Added Pin To Net: NetName=T\R\S\T\ Pin=R4-2
Added Net: Name=T\R\S\T\
Added Pin To Net: NetName=VREF Pin=C5-1
Added Pin To Net: NetName=VREF Pin=C6-1
Added Pin To Net: NetName=VREF Pin=C9-1
Added Pin To Net: NetName=VREF Pin=IC*-7
Added Pin To Net: NetName=VREF Pin=R13-1
Added Net: Name=VREF
Added Class: Name=Designator
Added Class: Name=Sheet1
Added Room: Name=Designator
Added Room: Name=Designator
Added Room: Name=Sheet1
