Added Component: Designator=C1(C0603)
Added Component: Designator=C2(C0603)
Added Component: Designator=C3(C0603)
Added Component: Designator=C4(C0603)
Added Component: Designator=C5(C0603)
Added Component: Designator=C6(C0603)
Added Component: Designator=C7(C Tantal A)
Added Component: Designator=C8(C0805)
Added Component: Designator=C9(C Tantal B)
Added Component: Designator=C10(C Tantal B)
Added Component: Designator=C11(C Tantal B)
Added Component: Designator=C12(C Tantal B)
Added Component: Designator=C13(C0603)
Added Component: Designator=C14(C0603)
Added Component: Designator=C15(C0603)
Added Component: Designator=C16(C0603)
Added Component: Designator=C17(C0603)
Added Component: Designator=C18(C0603)
Added Component: Designator=C19(C0603)
Added Component: Designator=CON1(CON_2pin_5mm)
Added Component: Designator=CON2(JTAG micromatch)
Added Component: Designator=CON3(DSUB conector)
Added Component: Designator=IC1(TLV5618ACD)
Added Component: Designator=IC2(SOT95P280X145-5N)
Added Component: Designator=IC3(SOT230P700X180-4N)
Added Component: Designator=IC4(TMA 0515D)
Added Component: Designator=IC5(D14_N)
Added Component: Designator=IC6(TSOP65P810X120-38N)
Added Component: Designator=IC7(OPA4192)
Added Component: Designator=L1(WE-PD2_7850)
Added Component: Designator=LED1(LED_0603_Yellow)
Added Component: Designator=LED2(LED_0603_Red)
Added Component: Designator=LED3(LED_0603_Bright Green)
Added Component: Designator=P1(Bourns_3266W)
Added Component: Designator=PIN1(PUSA)
Added Component: Designator=PIN2(PUSA)
Added Component: Designator=Q1(NXP-SOT23_N)
Added Component: Designator=Q2(NXP-SOT23_N)
Added Component: Designator=R1(R0603)
Added Component: Designator=R2(R0603)
Added Component: Designator=R3(R0603)
Added Component: Designator=R4(R0603)
Added Component: Designator=R5(R0603)
Added Component: Designator=R6(R0603)
Added Component: Designator=R7(R0603)
Added Component: Designator=R8(R0603)
Added Component: Designator=R9(R0805)
Added Component: Designator=R10(R0603)
Added Component: Designator=R11(R0603)
Added Component: Designator=R12(R0603)
Added Component: Designator=R13(R0805)
Added Component: Designator=R14(R0805)
Added Component: Designator=R15(R0805)
Added Component: Designator=R16(R0805)
Added Component: Designator=R17(R0805)
Added Component: Designator=R18(R0805)
Added Pin To Net: NetName=+15 Pin=C1-1
Added Pin To Net: NetName=+15 Pin=IC4-6
Added Pin To Net: NetName=+15 Pin=IC7-4
Added Net: Name=+15
Added Pin To Net: NetName=-15 Pin=C2-1
Added Pin To Net: NetName=-15 Pin=IC4-4
Added Pin To Net: NetName=-15 Pin=IC7-11
Added Net: Name=-15
Added Pin To Net: NetName=3.3 Pin=C10-1
Added Pin To Net: NetName=3.3 Pin=IC3-2
Added Pin To Net: NetName=3.3 Pin=IC3-4
Added Net: Name=3.3
Added Pin To Net: NetName=3.3V Pin=C14-1
Added Pin To Net: NetName=3.3V Pin=C18-1
Added Pin To Net: NetName=3.3V Pin=C19-1
Added Pin To Net: NetName=3.3V Pin=CON2-3
Added Pin To Net: NetName=3.3V Pin=IC5-13
Added Pin To Net: NetName=3.3V Pin=IC5-14
Added Pin To Net: NetName=3.3V Pin=IC6-4
Added Pin To Net: NetName=3.3V Pin=IC6-22
Added Pin To Net: NetName=3.3V Pin=R14-1
Added Pin To Net: NetName=3.3V Pin=R15-1
Added Pin To Net: NetName=3.3V Pin=R16-1
Added Net: Name=3.3V
Added Pin To Net: NetName=5V Pin=C3-1
Added Pin To Net: NetName=5V Pin=C7-1
Added Pin To Net: NetName=5V Pin=C9-1
Added Pin To Net: NetName=5V Pin=C12-1
Added Pin To Net: NetName=5V Pin=CON1-1
Added Pin To Net: NetName=5V Pin=CON3-8
Added Pin To Net: NetName=5V Pin=IC1-5
Added Pin To Net: NetName=5V Pin=IC2-3
Added Pin To Net: NetName=5V Pin=IC2-4
Added Pin To Net: NetName=5V Pin=IC3-3
Added Pin To Net: NetName=5V Pin=L1-1
Added Pin To Net: NetName=5V Pin=R9-1
Added Pin To Net: NetName=5V Pin=R17-1
Added Pin To Net: NetName=5V Pin=R18-1
Added Net: Name=5V
Added Pin To Net: NetName=C+ Pin=IC7-10
Added Pin To Net: NetName=C+ Pin=R3-2
Added Pin To Net: NetName=C+ Pin=R4-1
Added Net: Name=C+
Added Pin To Net: NetName=CLK+ Pin=CON3-1
Added Pin To Net: NetName=CLK+ Pin=IC5-9
Added Pin To Net: NetName=CLK+ Pin=R10-1
Added Net: Name=CLK+
Added Pin To Net: NetName=CLK- Pin=C13-2
Added Pin To Net: NetName=CLK- Pin=CON3-2
Added Pin To Net: NetName=CLK- Pin=IC5-10
Added Net: Name=CLK-
Added Pin To Net: NetName=DAC CS Pin=IC1-3
Added Pin To Net: NetName=DAC CS Pin=IC6-33
Added Net: Name=DAC CS
Added Pin To Net: NetName=DAT+ Pin=CON3-3
Added Pin To Net: NetName=DAT+ Pin=R11-1
Added Net: Name=DAT+
Added Pin To Net: NetName=DAT- Pin=CON3-4
Added Pin To Net: NetName=DAT- Pin=R12-1
Added Net: Name=DAT-
Added Pin To Net: NetName=DE Pin=IC5-4
Added Pin To Net: NetName=DE Pin=IC6-37
Added Net: Name=DE
Added Pin To Net: NetName=GND Pin=C1-2
Added Pin To Net: NetName=GND Pin=C2-2
Added Pin To Net: NetName=GND Pin=C3-2
Added Pin To Net: NetName=GND Pin=C4-2
Added Pin To Net: NetName=GND Pin=C5-2
Added Pin To Net: NetName=GND Pin=C6-2
Added Pin To Net: NetName=GND Pin=C7-2
Added Pin To Net: NetName=GND Pin=C8-2
Added Pin To Net: NetName=GND Pin=C9-2
Added Pin To Net: NetName=GND Pin=C10-2
Added Pin To Net: NetName=GND Pin=C11-2
Added Pin To Net: NetName=GND Pin=C12-2
Added Pin To Net: NetName=GND Pin=C14-2
Added Pin To Net: NetName=GND Pin=C15-2
Added Pin To Net: NetName=GND Pin=C16-2
Added Pin To Net: NetName=GND Pin=C17-2
Added Pin To Net: NetName=GND Pin=C18-2
Added Pin To Net: NetName=GND Pin=C19-2
Added Pin To Net: NetName=GND Pin=CON1-2
Added Pin To Net: NetName=GND Pin=CON2-9
Added Pin To Net: NetName=GND Pin=CON2-12
Added Pin To Net: NetName=GND Pin=CON3-5
Added Pin To Net: NetName=GND Pin=IC1-8
Added Pin To Net: NetName=GND Pin=IC2-2
Added Pin To Net: NetName=GND Pin=IC3-1
Added Pin To Net: NetName=GND Pin=IC4-2
Added Pin To Net: NetName=GND Pin=IC4-5
Added Pin To Net: NetName=GND Pin=IC5-6
Added Pin To Net: NetName=GND Pin=IC5-7
Added Pin To Net: NetName=GND Pin=IC6-2
Added Pin To Net: NetName=GND Pin=IC6-3
Added Pin To Net: NetName=GND Pin=IC6-12
Added Pin To Net: NetName=GND Pin=IC6-23
Added Pin To Net: NetName=GND Pin=LED1-2
Added Pin To Net: NetName=GND Pin=P1-2
Added Pin To Net: NetName=GND Pin=P1-3
Added Pin To Net: NetName=GND Pin=Q1-2
Added Pin To Net: NetName=GND Pin=Q2-2
Added Pin To Net: NetName=GND Pin=R1-2
Added Pin To Net: NetName=GND Pin=R7-2
Added Pin To Net: NetName=GND Pin=R8-2
Added Pin To Net: NetName=GND Pin=R13-1
Added Net: Name=GND
Added Pin To Net: NetName=HITROST-10V10V Pin=IC7-8
Added Pin To Net: NetName=HITROST-10V10V Pin=PIN2-1
Added Pin To Net: NetName=HITROST-10V10V Pin=R3-1
Added Net: Name=HITROST-10V10V
Added Pin To Net: NetName=HITROST Pin=IC1-4
Added Pin To Net: NetName=HITROST Pin=R6-2
Added Net: Name=HITROST
Added Pin To Net: NetName=KOT10X 010V Pin=IC7-1
Added Pin To Net: NetName=KOT10X 010V Pin=PIN1-1
Added Pin To Net: NetName=KOT10X 010V Pin=R2-1
Added Net: Name=KOT10X 010V
Added Pin To Net: NetName=KOT10X Pin=IC1-6
Added Pin To Net: NetName=KOT10X Pin=IC7-3
Added Net: Name=KOT10X
Added Pin To Net: NetName=LED_HIT Pin=IC6-5
Added Pin To Net: NetName=LED_HIT Pin=Q1-1
Added Net: Name=LED_HIT
Added Pin To Net: NetName=LED_POZ Pin=IC6-6
Added Pin To Net: NetName=LED_POZ Pin=Q2-1
Added Net: Name=LED_POZ
Added Pin To Net: NetName=NetC6_1 Pin=C6-1
Added Pin To Net: NetName=NetC6_1 Pin=IC7-5
Added Pin To Net: NetName=NetC6_1 Pin=P1-1
Added Pin To Net: NetName=NetC6_1 Pin=R5-2
Added Pin To Net: NetName=NetC6_1 Pin=R7-1
Added Net: Name=NetC6_1
Added Pin To Net: NetName=NetC11_1 Pin=C11-1
Added Pin To Net: NetName=NetC11_1 Pin=IC4-1
Added Pin To Net: NetName=NetC11_1 Pin=L1-2
Added Net: Name=NetC11_1
Added Pin To Net: NetName=NetC13_1 Pin=C13-1
Added Pin To Net: NetName=NetC13_1 Pin=R10-2
Added Net: Name=NetC13_1
Added Pin To Net: NetName=NetC15_1 Pin=C15-1
Added Pin To Net: NetName=NetC15_1 Pin=IC6-17
Added Pin To Net: NetName=NetC15_1 Pin=R14-2
Added Net: Name=NetC15_1
Added Pin To Net: NetName=NetC16_1 Pin=C16-1
Added Pin To Net: NetName=NetC16_1 Pin=IC6-1
Added Net: Name=NetC16_1
Added Pin To Net: NetName=NetC17_1 Pin=C17-1
Added Pin To Net: NetName=NetC17_1 Pin=IC6-11
Added Net: Name=NetC17_1
Added Pin To Net: NetName=NetCON2_1 Pin=CON2-1
Added Pin To Net: NetName=NetCON2_1 Pin=IC6-29
Added Net: Name=NetCON2_1
Added Pin To Net: NetName=NetCON2_2 Pin=CON2-2
Added Pin To Net: NetName=NetCON2_2 Pin=IC6-28
Added Net: Name=NetCON2_2
Added Pin To Net: NetName=NetCON2_4 Pin=CON2-4
Added Pin To Net: NetName=NetCON2_4 Pin=IC6-30
Added Net: Name=NetCON2_4
Added Pin To Net: NetName=NetCON2_5 Pin=CON2-5
Added Pin To Net: NetName=NetCON2_5 Pin=CON2-6
Added Pin To Net: NetName=NetCON2_5 Pin=CON2-6
Added Pin To Net: NetName=NetCON2_5 Pin=IC6-31
Added Net: Name=NetCON2_5
Added Pin To Net: NetName=NetCON2_7 Pin=CON2-7
Added Pin To Net: NetName=NetCON2_7 Pin=CON2-7
Added Pin To Net: NetName=NetCON2_7 Pin=R15-2
Added Net: Name=NetCON2_7
Added Pin To Net: NetName=NetCON2_14 Pin=CON2-14
Added Pin To Net: NetName=NetCON2_14 Pin=R16-2
Added Net: Name=NetCON2_14
Added Pin To Net: NetName=NetIC5_11 Pin=IC5-11
Added Pin To Net: NetName=NetIC5_11 Pin=R12-2
Added Net: Name=NetIC5_11
Added Pin To Net: NetName=NetIC5_12 Pin=IC5-12
Added Pin To Net: NetName=NetIC5_12 Pin=R11-2
Added Net: Name=NetIC5_12
Added Pin To Net: NetName=NetIC7_2 Pin=IC7-2
Added Pin To Net: NetName=NetIC7_2 Pin=R1-1
Added Pin To Net: NetName=NetIC7_2 Pin=R2-2
Added Net: Name=NetIC7_2
Added Pin To Net: NetName=NetIC7_6 Pin=IC7-6
Added Pin To Net: NetName=NetIC7_6 Pin=IC7-7
Added Pin To Net: NetName=NetIC7_6 Pin=R4-2
Added Net: Name=NetIC7_6
Added Pin To Net: NetName=NetIC7_9 Pin=IC7-9
Added Pin To Net: NetName=NetIC7_9 Pin=R6-1
Added Pin To Net: NetName=NetIC7_9 Pin=R8-1
Added Net: Name=NetIC7_9
Added Pin To Net: NetName=NetLED1_1 Pin=LED1-1
Added Pin To Net: NetName=NetLED1_1 Pin=R9-2
Added Net: Name=NetLED1_1
Added Pin To Net: NetName=NetLED2_1 Pin=LED2-1
Added Pin To Net: NetName=NetLED2_1 Pin=R17-2
Added Net: Name=NetLED2_1
Added Pin To Net: NetName=NetLED2_2 Pin=LED2-2
Added Pin To Net: NetName=NetLED2_2 Pin=Q1-3
Added Net: Name=NetLED2_2
Added Pin To Net: NetName=NetLED3_1 Pin=LED3-1
Added Pin To Net: NetName=NetLED3_1 Pin=R18-2
Added Net: Name=NetLED3_1
Added Pin To Net: NetName=NetLED3_2 Pin=LED3-2
Added Pin To Net: NetName=NetLED3_2 Pin=Q2-3
Added Net: Name=NetLED3_2
Added Pin To Net: NetName=RE Pin=IC5-3
Added Pin To Net: NetName=RE Pin=IC6-36
Added Net: Name=RE
Added Pin To Net: NetName=SPICLK Pin=IC1-2
Added Pin To Net: NetName=SPICLK Pin=IC5-5
Added Pin To Net: NetName=SPICLK Pin=IC6-32
Added Net: Name=SPICLK
Added Pin To Net: NetName=SPIMISO Pin=IC5-2
Added Pin To Net: NetName=SPIMISO Pin=IC6-34
Added Net: Name=SPIMISO
Added Pin To Net: NetName=SPIMOSI Pin=IC1-1
Added Pin To Net: NetName=SPIMOSI Pin=IC6-35
Added Net: Name=SPIMOSI
Added Pin To Net: NetName=T\R\S\T\ Pin=IC6-16
Added Pin To Net: NetName=T\R\S\T\ Pin=R13-2
Added Net: Name=T\R\S\T\
Added Pin To Net: NetName=VREF Pin=C4-1
Added Pin To Net: NetName=VREF Pin=C5-1
Added Pin To Net: NetName=VREF Pin=C8-1
Added Pin To Net: NetName=VREF Pin=IC1-7
Added Pin To Net: NetName=VREF Pin=IC2-5
Added Pin To Net: NetName=VREF Pin=R5-1
Added Net: Name=VREF
Added Class: Name=Designator
Added Class: Name=Sheet1
Added Room: Name=Designator
Added Room: Name=Designator
Added Room: Name=Sheet1
